<?xml version="1.0" encoding="UTF-8"?>
<!-- Generated by org.testng.reporters.JUnitXMLReporter -->
<testsuite ignored="0" hostname="DESKTOP-EL1927U" failures="6" tests="8" name="Surefire test" time="14.072" errors="0" timestamp="2023-08-02T21:35:49 IST">
  <testcase classname="com.spotify.oauth2.tests.PlaylistsTests" name="shouldBeAbleToCreatePlayList" time="7.406">
    <failure type="java.lang.AssertionError" message="
Expected: &amp;lt;201&amp;gt;
     but: was &amp;lt;401&amp;gt;">
      <![CDATA[java.lang.AssertionError: 
Expected: <201>
     but: was <401>
at org.hamcrest.MatcherAssert.assertThat(MatcherAssert.java:20)
at org.hamcrest.MatcherAssert.assertThat(MatcherAssert.java:8)
at com.spotify.oauth2.tests.PlaylistsTests.shouldBeAbleToCreatePlayList(PlaylistsTests.java:67)
at java.base/java.util.ArrayList.forEach(ArrayList.java:1511)
... Removed 32 stack frames]]>
    </failure>
  </testcase> <!-- shouldBeAbleToCreatePlayList -->
  <testcase classname="com.spotify.oauth2.tests.PlaylistsTests" name="shouldBeAbleToCreatePlayListRestResourceAdvanced" time="4.025"/>
  <testcase classname="com.spotify.oauth2.tests.PlaylistsTests" name="shouldBeAbleToGetPlayList" time="0.21">
    <failure type="java.lang.RuntimeException" message="com.fasterxml.jackson.databind.exc.UnrecognizedPropertyException: Unrecognized field &amp;quot;error&amp;quot; (class com.spotify.oauth2.pojo.Playlist), not marked as ignorable (15 known properties: &amp;quot;primary_color&amp;quot;, &amp;quot;tracks&amp;quot;, &amp;quot;public&amp;quot;, &amp;quot;href&amp;quot;, &amp;quot;uri&amp;quot;, &amp;quot;owner&amp;quot;, &amp;quot;collaborative&amp;quot;, &amp;quot;snapshot_id&amp;quot;, &amp;quot;external_urls&amp;quot;, &amp;quot;type&amp;quot;, &amp;quot;id&amp;quot;, &amp;quot;description&amp;quot;, &amp;quot;name&amp;quot;, &amp;quot;followers&amp;quot;, &amp;quot;images&amp;quot;])
 at [Source: (String)&amp;quot;{
  &amp;quot;error&amp;quot;: {
    &amp;quot;status&amp;quot;: 401,
    &amp;quot;message&amp;quot;: &amp;quot;The access token expired&amp;quot;
  }
}&amp;quot;; line: 2, column: 13] (through reference chain: com.spotify.oauth2.pojo.Playlist[&amp;quot;error&amp;quot;])">
      <![CDATA[java.lang.RuntimeException: com.fasterxml.jackson.databind.exc.UnrecognizedPropertyException: Unrecognized field "error" (class com.spotify.oauth2.pojo.Playlist), not marked as ignorable (15 known properties: "primary_color", "tracks", "public", "href", "uri", "owner", "collaborative", "snapshot_id", "external_urls", "type", "id", "description", "name", "followers", "images"])
 at [Source: (String)"{
  "error": {
    "status": 401,
    "message": "The access token expired"
  }
}"; line: 2, column: 13] (through reference chain: com.spotify.oauth2.pojo.Playlist["error"])
at io.restassured.internal.path.json.mapping.JsonPathJackson2ObjectDeserializer.deserialize(JsonPathJackson2ObjectDeserializer.java:30)
at io.restassured.path.json.mapping.JsonPathObjectDeserializer$deserialize.call(Unknown Source)
at io.restassured.internal.mapping.Jackson2Mapper.deserialize(Jackson2Mapper.groovy:58)
at io.restassured.mapper.ObjectMapper$deserialize$0.call(Unknown Source)
at io.restassured.internal.mapping.ObjectMapping.parseWithJackson2(ObjectMapping.groovy:254)
at io.restassured.internal.mapping.ObjectMapping$parseWithJackson2$1.callStatic(Unknown Source)
at io.restassured.internal.mapping.ObjectMapping.deserialize(ObjectMapping.groovy:56)
at io.restassured.internal.mapping.ObjectMapping$deserialize$0.call(Unknown Source)
at io.restassured.internal.RestAssuredResponseOptionsGroovyImpl.as(RestAssuredResponseOptionsGroovyImpl.groovy:229)
at io.restassured.internal.RestAssuredResponseOptionsImpl.as(RestAssuredResponseOptionsImpl.java:169)
at com.spotify.oauth2.tests.PlaylistsTests.shouldBeAbleToGetPlayList(PlaylistsTests.java:94)
at java.base/java.util.ArrayList.forEach(ArrayList.java:1511)
Caused by: com.fasterxml.jackson.databind.exc.UnrecognizedPropertyException: Unrecognized field "error" (class com.spotify.oauth2.pojo.Playlist), not marked as ignorable (15 known properties: "primary_color", "tracks", "public", "href", "uri", "owner", "collaborative", "snapshot_id", "external_urls", "type", "id", "description", "name", "followers", "images"])
 at [Source: (String)"{
  "error": {
    "status": 401,
    "message": "The access token expired"
  }
}"; line: 2, column: 13] (through reference chain: com.spotify.oauth2.pojo.Playlist["error"])
at com.fasterxml.jackson.databind.exc.UnrecognizedPropertyException.from(UnrecognizedPropertyException.java:61)
at com.fasterxml.jackson.databind.DeserializationContext.handleUnknownProperty(DeserializationContext.java:1138)
at com.fasterxml.jackson.databind.deser.std.StdDeserializer.handleUnknownProperty(StdDeserializer.java:2224)
at com.fasterxml.jackson.databind.deser.BeanDeserializerBase.handleUnknownProperty(BeanDeserializerBase.java:1709)
at com.fasterxml.jackson.databind.deser.BeanDeserializerBase.handleUnknownVanilla(BeanDeserializerBase.java:1687)
at com.fasterxml.jackson.databind.deser.BeanDeserializer.vanillaDeserialize(BeanDeserializer.java:320)
at com.fasterxml.jackson.databind.deser.BeanDeserializer.deserialize(BeanDeserializer.java:177)
at com.fasterxml.jackson.databind.deser.DefaultDeserializationContext.readRootValue(DefaultDeserializationContext.java:323)
at com.fasterxml.jackson.databind.ObjectMapper._readMapAndClose(ObjectMapper.java:4825)
at com.fasterxml.jackson.databind.ObjectMapper.readValue(ObjectMapper.java:3772)
at io.restassured.internal.path.json.mapping.JsonPathJackson2ObjectDeserializer.deserialize(JsonPathJackson2ObjectDeserializer.java:28)
... 43 more
... Removed 32 stack frames]]>
    </failure>
  </testcase> <!-- shouldBeAbleToGetPlayList -->
  <testcase classname="com.spotify.oauth2.tests.PlaylistsTests" name="shouldBeAbleToGetPlayListAdvanced" time="0.75"/>
  <testcase classname="com.spotify.oauth2.tests.PlaylistsTests" name="shouldBeAbleToUpdateAPlayList" time="0.223">
    <failure type="java.lang.RuntimeException" message="com.fasterxml.jackson.databind.exc.UnrecognizedPropertyException: Unrecognized field &amp;quot;error&amp;quot; (class com.spotify.oauth2.pojo.Playlist), not marked as ignorable (15 known properties: &amp;quot;primary_color&amp;quot;, &amp;quot;tracks&amp;quot;, &amp;quot;public&amp;quot;, &amp;quot;href&amp;quot;, &amp;quot;uri&amp;quot;, &amp;quot;owner&amp;quot;, &amp;quot;collaborative&amp;quot;, &amp;quot;snapshot_id&amp;quot;, &amp;quot;external_urls&amp;quot;, &amp;quot;type&amp;quot;, &amp;quot;id&amp;quot;, &amp;quot;description&amp;quot;, &amp;quot;name&amp;quot;, &amp;quot;followers&amp;quot;, &amp;quot;images&amp;quot;])
 at [Source: (String)&amp;quot;{
  &amp;quot;error&amp;quot;: {
    &amp;quot;status&amp;quot;: 401,
    &amp;quot;message&amp;quot;: &amp;quot;The access token expired&amp;quot;
  }
}&amp;quot;; line: 2, column: 13] (through reference chain: com.spotify.oauth2.pojo.Playlist[&amp;quot;error&amp;quot;])">
      <![CDATA[java.lang.RuntimeException: com.fasterxml.jackson.databind.exc.UnrecognizedPropertyException: Unrecognized field "error" (class com.spotify.oauth2.pojo.Playlist), not marked as ignorable (15 known properties: "primary_color", "tracks", "public", "href", "uri", "owner", "collaborative", "snapshot_id", "external_urls", "type", "id", "description", "name", "followers", "images"])
 at [Source: (String)"{
  "error": {
    "status": 401,
    "message": "The access token expired"
  }
}"; line: 2, column: 13] (through reference chain: com.spotify.oauth2.pojo.Playlist["error"])
at io.restassured.internal.path.json.mapping.JsonPathJackson2ObjectDeserializer.deserialize(JsonPathJackson2ObjectDeserializer.java:30)
at io.restassured.path.json.mapping.JsonPathObjectDeserializer$deserialize.call(Unknown Source)
at io.restassured.internal.mapping.Jackson2Mapper.deserialize(Jackson2Mapper.groovy:58)
at io.restassured.mapper.ObjectMapper$deserialize$0.call(Unknown Source)
at io.restassured.internal.mapping.ObjectMapping.parseWithJackson2(ObjectMapping.groovy:254)
at io.restassured.internal.mapping.ObjectMapping$parseWithJackson2$1.callStatic(Unknown Source)
at io.restassured.internal.mapping.ObjectMapping.deserialize(ObjectMapping.groovy:56)
at io.restassured.internal.mapping.ObjectMapping$deserialize$0.call(Unknown Source)
at io.restassured.internal.RestAssuredResponseOptionsGroovyImpl.as(RestAssuredResponseOptionsGroovyImpl.groovy:229)
at io.restassured.internal.RestAssuredResponseOptionsImpl.as(RestAssuredResponseOptionsImpl.java:169)
at com.spotify.oauth2.tests.PlaylistsTests.shouldBeAbleToUpdateAPlayList(PlaylistsTests.java:117)
at java.base/java.util.ArrayList.forEach(ArrayList.java:1511)
Caused by: com.fasterxml.jackson.databind.exc.UnrecognizedPropertyException: Unrecognized field "error" (class com.spotify.oauth2.pojo.Playlist), not marked as ignorable (15 known properties: "primary_color", "tracks", "public", "href", "uri", "owner", "collaborative", "snapshot_id", "external_urls", "type", "id", "description", "name", "followers", "images"])
 at [Source: (String)"{
  "error": {
    "status": 401,
    "message": "The access token expired"
  }
}"; line: 2, column: 13] (through reference chain: com.spotify.oauth2.pojo.Playlist["error"])
at com.fasterxml.jackson.databind.exc.UnrecognizedPropertyException.from(UnrecognizedPropertyException.java:61)
at com.fasterxml.jackson.databind.DeserializationContext.handleUnknownProperty(DeserializationContext.java:1138)
at com.fasterxml.jackson.databind.deser.std.StdDeserializer.handleUnknownProperty(StdDeserializer.java:2224)
at com.fasterxml.jackson.databind.deser.BeanDeserializerBase.handleUnknownProperty(BeanDeserializerBase.java:1709)
at com.fasterxml.jackson.databind.deser.BeanDeserializerBase.handleUnknownVanilla(BeanDeserializerBase.java:1687)
at com.fasterxml.jackson.databind.deser.BeanDeserializer.vanillaDeserialize(BeanDeserializer.java:320)
at com.fasterxml.jackson.databind.deser.BeanDeserializer.deserialize(BeanDeserializer.java:177)
at com.fasterxml.jackson.databind.deser.DefaultDeserializationContext.readRootValue(DefaultDeserializationContext.java:323)
at com.fasterxml.jackson.databind.ObjectMapper._readMapAndClose(ObjectMapper.java:4825)
at com.fasterxml.jackson.databind.ObjectMapper.readValue(ObjectMapper.java:3772)
at io.restassured.internal.path.json.mapping.JsonPathJackson2ObjectDeserializer.deserialize(JsonPathJackson2ObjectDeserializer.java:28)
... 43 more
... Removed 32 stack frames]]>
    </failure>
  </testcase> <!-- shouldBeAbleToUpdateAPlayList -->
  <testcase classname="com.spotify.oauth2.tests.PlaylistsTests" name="shouldBeAbleToUpdateAPlayListAdvanced" time="0.651">
    <failure type="java.lang.AssertionError" message="1 expectation failed.
Expected content-type &amp;quot;JSON&amp;quot; doesn&amp;apos;t match actual content-type &amp;quot;&amp;quot;.
">
      <![CDATA[java.lang.AssertionError: 1 expectation failed.
Expected content-type "JSON" doesn't match actual content-type "".

at org.codehaus.groovy.runtime.callsite.ConstructorSite$ConstructorSiteNoUnwrapNoCoerce.callConstructor(ConstructorSite.java:108)
at org.codehaus.groovy.runtime.callsite.CallSiteArray.defaultCallConstructor(CallSiteArray.java:57)
at org.codehaus.groovy.runtime.callsite.AbstractCallSite.callConstructor(AbstractCallSite.java:263)
at org.codehaus.groovy.runtime.callsite.AbstractCallSite.callConstructor(AbstractCallSite.java:277)
at io.restassured.internal.ResponseSpecificationImpl$HamcrestAssertionClosure.validate(ResponseSpecificationImpl.groovy:512)
at io.restassured.internal.ResponseSpecificationImpl$HamcrestAssertionClosure$validate$1.call(Unknown Source)
at io.restassured.internal.ResponseSpecificationImpl.validate(ResponseSpecificationImpl.groovy:101)
at io.restassured.internal.ValidatableResponseOptionsImpl.spec(ValidatableResponseOptionsImpl.java:288)
at com.spotify.oauth2.api.RestResource.update(RestResource.java:48)
at com.spotify.oauth2.applicationApi.PlaylistApi.updateUsingRestResource(PlaylistApi.java:32)
at com.spotify.oauth2.tests.PlaylistsTests.shouldBeAbleToUpdateAPlayListAdvanced(PlaylistsTests.java:127)
at java.base/java.util.ArrayList.forEach(ArrayList.java:1511)
... Removed 38 stack frames]]>
    </failure>
  </testcase> <!-- shouldBeAbleToUpdateAPlayListAdvanced -->
  <testcase classname="com.spotify.oauth2.tests.PlaylistsTests" name="shouldNotBeAbleToCreatePlayListWithInvalidToken" time="0.196">
    <failure type="java.lang.RuntimeException" message="com.fasterxml.jackson.databind.exc.UnrecognizedPropertyException: Unrecognized field &amp;quot;error&amp;quot; (class com.spotify.oauth2.pojo.Errorr), not marked as ignorable (2 known properties: &amp;quot;status&amp;quot;, &amp;quot;message&amp;quot;])
 at [Source: (String)&amp;quot;{
  &amp;quot;error&amp;quot;: {
    &amp;quot;status&amp;quot;: 401,
    &amp;quot;message&amp;quot;: &amp;quot;Invalid access token&amp;quot;
  }
}&amp;quot;; line: 2, column: 13] (through reference chain: com.spotify.oauth2.pojo.Errorr[&amp;quot;error&amp;quot;])">
      <![CDATA[java.lang.RuntimeException: com.fasterxml.jackson.databind.exc.UnrecognizedPropertyException: Unrecognized field "error" (class com.spotify.oauth2.pojo.Errorr), not marked as ignorable (2 known properties: "status", "message"])
 at [Source: (String)"{
  "error": {
    "status": 401,
    "message": "Invalid access token"
  }
}"; line: 2, column: 13] (through reference chain: com.spotify.oauth2.pojo.Errorr["error"])
at io.restassured.internal.path.json.mapping.JsonPathJackson2ObjectDeserializer.deserialize(JsonPathJackson2ObjectDeserializer.java:30)
at io.restassured.path.json.mapping.JsonPathObjectDeserializer$deserialize.call(Unknown Source)
at io.restassured.internal.mapping.Jackson2Mapper.deserialize(Jackson2Mapper.groovy:58)
at io.restassured.mapper.ObjectMapper$deserialize$0.call(Unknown Source)
at io.restassured.internal.mapping.ObjectMapping.parseWithJackson2(ObjectMapping.groovy:254)
at io.restassured.internal.mapping.ObjectMapping$parseWithJackson2$1.callStatic(Unknown Source)
at io.restassured.internal.mapping.ObjectMapping.deserialize(ObjectMapping.groovy:56)
at io.restassured.internal.mapping.ObjectMapping$deserialize$0.call(Unknown Source)
at io.restassured.internal.RestAssuredResponseOptionsGroovyImpl.as(RestAssuredResponseOptionsGroovyImpl.groovy:229)
at io.restassured.internal.RestAssuredResponseOptionsImpl.as(RestAssuredResponseOptionsImpl.java:169)
at com.spotify.oauth2.tests.PlaylistsTests.shouldNotBeAbleToCreatePlayListWithInvalidToken(PlaylistsTests.java:151)
at java.base/java.util.ArrayList.forEach(ArrayList.java:1511)
Caused by: com.fasterxml.jackson.databind.exc.UnrecognizedPropertyException: Unrecognized field "error" (class com.spotify.oauth2.pojo.Errorr), not marked as ignorable (2 known properties: "status", "message"])
 at [Source: (String)"{
  "error": {
    "status": 401,
    "message": "Invalid access token"
  }
}"; line: 2, column: 13] (through reference chain: com.spotify.oauth2.pojo.Errorr["error"])
at com.fasterxml.jackson.databind.exc.UnrecognizedPropertyException.from(UnrecognizedPropertyException.java:61)
at com.fasterxml.jackson.databind.DeserializationContext.handleUnknownProperty(DeserializationContext.java:1138)
at com.fasterxml.jackson.databind.deser.std.StdDeserializer.handleUnknownProperty(StdDeserializer.java:2224)
at com.fasterxml.jackson.databind.deser.BeanDeserializerBase.handleUnknownProperty(BeanDeserializerBase.java:1709)
at com.fasterxml.jackson.databind.deser.BeanDeserializerBase.handleUnknownVanilla(BeanDeserializerBase.java:1687)
at com.fasterxml.jackson.databind.deser.BeanDeserializer.vanillaDeserialize(BeanDeserializer.java:320)
at com.fasterxml.jackson.databind.deser.BeanDeserializer.deserialize(BeanDeserializer.java:177)
at com.fasterxml.jackson.databind.deser.DefaultDeserializationContext.readRootValue(DefaultDeserializationContext.java:323)
at com.fasterxml.jackson.databind.ObjectMapper._readMapAndClose(ObjectMapper.java:4825)
at com.fasterxml.jackson.databind.ObjectMapper.readValue(ObjectMapper.java:3772)
at io.restassured.internal.path.json.mapping.JsonPathJackson2ObjectDeserializer.deserialize(JsonPathJackson2ObjectDeserializer.java:28)
... 43 more
... Removed 32 stack frames]]>
    </failure>
  </testcase> <!-- shouldNotBeAbleToCreatePlayListWithInvalidToken -->
  <testcase classname="com.spotify.oauth2.tests.PlaylistsTests" name="shouldNotBeAbleToCreatePlayListWithoutName" time="0.176">
    <failure type="java.lang.AssertionError" message="
Expected: &amp;lt;400&amp;gt;
     but: was &amp;lt;401&amp;gt;">
      <![CDATA[java.lang.AssertionError: 
Expected: <400>
     but: was <401>
at org.hamcrest.MatcherAssert.assertThat(MatcherAssert.java:20)
at org.hamcrest.MatcherAssert.assertThat(MatcherAssert.java:8)
at com.spotify.oauth2.tests.PlaylistsTests.shouldNotBeAbleToCreatePlayListWithoutName(PlaylistsTests.java:138)
at java.base/java.util.ArrayList.forEach(ArrayList.java:1511)
... Removed 32 stack frames]]>
    </failure>
  </testcase> <!-- shouldNotBeAbleToCreatePlayListWithoutName -->
</testsuite> <!-- Surefire test -->
