<?xml version="1.0" encoding="UTF-8"?>
<!-- Generated by org.testng.reporters.JUnitXMLReporter -->
<testsuite ignored="7" hostname="DESKTOP-EL1927U" failures="0" tests="1" name="Default test" time="9.339" errors="0" timestamp="2023-08-02T23:35:26 IST">
  <testcase classname="com.spotify.oauth2.tests.PlaylistsTests" name="shouldBeAbleToCreatePlayListRestResourceAdvanced" time="9.017"/>
  <testcase classname="com.spotify.oauth2.tests.PlaylistsTests" name="shouldNotBeAbleToCreatePlayListWithInvalidToken" time="0.0">
    <ignored/>
  </testcase> <!-- shouldNotBeAbleToCreatePlayListWithInvalidToken -->
  <testcase classname="com.spotify.oauth2.tests.PlaylistsTests" name="shouldBeAbleToGetPlayListAdvanced" time="0.0">
    <ignored/>
  </testcase> <!-- shouldBeAbleToGetPlayListAdvanced -->
  <testcase classname="com.spotify.oauth2.tests.PlaylistsTests" name="shouldBeAbleToUpdateAPlayList" time="0.0">
    <ignored/>
  </testcase> <!-- shouldBeAbleToUpdateAPlayList -->
  <testcase classname="com.spotify.oauth2.tests.PlaylistsTests" name="shouldBeAbleToGetPlayList" time="0.0">
    <ignored/>
  </testcase> <!-- shouldBeAbleToGetPlayList -->
  <testcase classname="com.spotify.oauth2.tests.PlaylistsTests" name="shouldNotBeAbleToCreatePlayListWithoutName" time="0.0">
    <ignored/>
  </testcase> <!-- shouldNotBeAbleToCreatePlayListWithoutName -->
  <testcase classname="com.spotify.oauth2.tests.PlaylistsTests" name="shouldBeAbleToCreatePlayList" time="0.0">
    <ignored/>
  </testcase> <!-- shouldBeAbleToCreatePlayList -->
  <testcase classname="com.spotify.oauth2.tests.PlaylistsTests" name="shouldBeAbleToUpdateAPlayListAdvanced" time="0.0">
    <ignored/>
  </testcase> <!-- shouldBeAbleToUpdateAPlayListAdvanced -->
</testsuite> <!-- Default test -->
