<?xml version="1.0" encoding="UTF-8"?>
<testng-results ignored="7" total="8" passed="1" failed="0" skipped="0">
  <reporter-output>
  </reporter-output>
  <suite started-at="2023-08-02T23:35:16 IST" name="Default suite" finished-at="2023-08-02T23:35:26 IST" duration-ms="9339">
    <groups>
    </groups>
    <test started-at="2023-08-02T23:35:16 IST" name="Default test" finished-at="2023-08-02T23:35:26 IST" duration-ms="9339">
      <class name="com.spotify.oauth2.tests.PlaylistsTests">
        <test-method signature="shouldBeAbleToCreatePlayListRestResourceAdvanced()[pri:0, instance:com.spotify.oauth2.tests.PlaylistsTests@59712875]" started-at="2023-08-02T23:35:17 IST" name="shouldBeAbleToCreatePlayListRestResourceAdvanced" finished-at="2023-08-02T23:35:26 IST" duration-ms="9017" status="PASS">
          <reporter-output>
          </reporter-output>
        </test-method> <!-- shouldBeAbleToCreatePlayListRestResourceAdvanced -->
      </class> <!-- com.spotify.oauth2.tests.PlaylistsTests -->
    </test> <!-- Default test -->
  </suite> <!-- Default suite -->
</testng-results>
